[debug] [2020-01-27T15:08:24.786Z] ----------------------------------------------------------------------
[debug] [2020-01-27T15:08:24.791Z] Command:       C:\Program Files\nodejs\node.exe C:\Users\camir\AppData\Roaming\npm\node_modules\firebase-tools\lib\bin\firebase.js serve
[debug] [2020-01-27T15:08:24.791Z] CLI Version:   7.12.1
[debug] [2020-01-27T15:08:24.791Z] Platform:      win32
[debug] [2020-01-27T15:08:24.791Z] Node Version:  v12.11.1
[debug] [2020-01-27T15:08:24.795Z] Time:          Mon Jan 27 2020 12:08:24 GMT-0300 (Chile Summer Time)
[debug] [2020-01-27T15:08:24.795Z] ----------------------------------------------------------------------
[debug] [2020-01-27T15:08:24.795Z] 
[debug] [2020-01-27T15:08:24.816Z] > command requires scopes: ["email","openid","https://www.googleapis.com/auth/cloudplatformprojects.readonly","https://www.googleapis.com/auth/firebase","https://www.googleapis.com/auth/cloud-platform"]
[debug] [2020-01-27T15:08:24.818Z] > authorizing via signed-in user
[debug] [2020-01-27T15:08:24.819Z] [iam] checking project boceto-616d7 for permissions ["firebase.projects.get"]
[debug] [2020-01-27T15:08:24.823Z] >>> HTTP REQUEST POST https://cloudresourcemanager.googleapis.com/v1/projects/boceto-616d7:testIamPermissions  

[debug] [2020-01-27T15:08:26.005Z] <<< HTTP RESPONSE 200
[debug] [2020-01-27T15:08:26.011Z] >>> HTTP REQUEST GET https://firebase.googleapis.com/v1beta1/projects/boceto-616d7  
 
[debug] [2020-01-27T15:08:26.406Z] <<< HTTP RESPONSE 200
[info] 
[info] === Serving from 'C:\Users\camir\OneDrive\Desktop\Social\SCL012-Social-Network'...
[info] 
[debug] [2020-01-27T15:08:26.412Z] >>> HTTP REQUEST GET https://firebase.googleapis.com/v1beta1/projects/boceto-616d7/webApps/-/config  
 
[debug] [2020-01-27T15:08:26.876Z] <<< HTTP RESPONSE 200
[info] i  hosting: Serving hosting files from: src
[info] +  hosting: Local server: http://localhost:5000
